Determining if the pthread_create exist failed with the following output:
Change Dir: /home/wh0ami/wCoin/build/release/CMakeFiles/CMakeTmp

Run Build Command:"/usr/bin/make" "cmTC_eb46a/fast"
make[1]: вход в каталог «/home/wh0ami/wCoin/build/release/CMakeFiles/CMakeTmp»
/usr/bin/make -f CMakeFiles/cmTC_eb46a.dir/build.make CMakeFiles/cmTC_eb46a.dir/build
make[2]: вход в каталог «/home/wh0ami/wCoin/build/release/CMakeFiles/CMakeTmp»
Building C object CMakeFiles/cmTC_eb46a.dir/CheckSymbolExists.c.o
/usr/bin/cc    -std=c11  -Wall -Wextra -Wpointer-arith -Wundef -Wvla -Wwrite-strings -Werror -Wno-error=extra -Wno-error=unused-function -Wno-error=deprecated-declarations -Wno-error=sign-compare -Wno-error=strict-aliasing -Wno-error=type-limits -Wno-unused-parameter -Wno-error=unused-variable -Wno-error=undef -Wno-error=uninitialized -Wno-error=unused-result -Wlogical-op -Wno-error=maybe-uninitialized -Wno-error=clobbered -Wno-error=unused-but-set-variable -Wno-error=odr -Waggregate-return -Wnested-externs -Wold-style-definition -Wstrict-prototypes -march=native -maes    -o CMakeFiles/cmTC_eb46a.dir/CheckSymbolExists.c.o   -c /home/wh0ami/wCoin/build/release/CMakeFiles/CMakeTmp/CheckSymbolExists.c
Linking C executable cmTC_eb46a
/usr/bin/cmake -E cmake_link_script CMakeFiles/cmTC_eb46a.dir/link.txt --verbose=1
/usr/bin/cc   -std=c11  -Wall -Wextra -Wpointer-arith -Wundef -Wvla -Wwrite-strings -Werror -Wno-error=extra -Wno-error=unused-function -Wno-error=deprecated-declarations -Wno-error=sign-compare -Wno-error=strict-aliasing -Wno-error=type-limits -Wno-unused-parameter -Wno-error=unused-variable -Wno-error=undef -Wno-error=uninitialized -Wno-error=unused-result -Wlogical-op -Wno-error=maybe-uninitialized -Wno-error=clobbered -Wno-error=unused-but-set-variable -Wno-error=odr -Waggregate-return -Wnested-externs -Wold-style-definition -Wstrict-prototypes -march=native -maes     CMakeFiles/cmTC_eb46a.dir/CheckSymbolExists.c.o  -o cmTC_eb46a -rdynamic 
CMakeFiles/cmTC_eb46a.dir/CheckSymbolExists.c.o: In function `main':
CheckSymbolExists.c:(.text+0x1b): undefined reference to `pthread_create'
collect2: error: ld returned 1 exit status
CMakeFiles/cmTC_eb46a.dir/build.make:97: ошибка выполнения рецепта для цели «cmTC_eb46a»
make[2]: *** [cmTC_eb46a] Ошибка 1
make[2]: выход из каталога «/home/wh0ami/wCoin/build/release/CMakeFiles/CMakeTmp»
Makefile:126: ошибка выполнения рецепта для цели «cmTC_eb46a/fast»
make[1]: *** [cmTC_eb46a/fast] Ошибка 2
make[1]: выход из каталога «/home/wh0ami/wCoin/build/release/CMakeFiles/CMakeTmp»

File /home/wh0ami/wCoin/build/release/CMakeFiles/CMakeTmp/CheckSymbolExists.c:
/* */
#include <pthread.h>

int main(int argc, char** argv)
{
  (void)argv;
#ifndef pthread_create
  return ((int*)(&pthread_create))[argc];
#else
  (void)argc;
  return 0;
#endif
}

Determining if the function pthread_create exists in the pthreads failed with the following output:
Change Dir: /home/wh0ami/wCoin/build/release/CMakeFiles/CMakeTmp

Run Build Command:"/usr/bin/make" "cmTC_1bab7/fast"
make[1]: вход в каталог «/home/wh0ami/wCoin/build/release/CMakeFiles/CMakeTmp»
/usr/bin/make -f CMakeFiles/cmTC_1bab7.dir/build.make CMakeFiles/cmTC_1bab7.dir/build
make[2]: вход в каталог «/home/wh0ami/wCoin/build/release/CMakeFiles/CMakeTmp»
Building C object CMakeFiles/cmTC_1bab7.dir/CheckFunctionExists.c.o
/usr/bin/cc    -std=c11  -Wall -Wextra -Wpointer-arith -Wundef -Wvla -Wwrite-strings -Werror -Wno-error=extra -Wno-error=unused-function -Wno-error=deprecated-declarations -Wno-error=sign-compare -Wno-error=strict-aliasing -Wno-error=type-limits -Wno-unused-parameter -Wno-error=unused-variable -Wno-error=undef -Wno-error=uninitialized -Wno-error=unused-result -Wlogical-op -Wno-error=maybe-uninitialized -Wno-error=clobbered -Wno-error=unused-but-set-variable -Wno-error=odr -Waggregate-return -Wnested-externs -Wold-style-definition -Wstrict-prototypes -march=native -maes -DCHECK_FUNCTION_EXISTS=pthread_create   -o CMakeFiles/cmTC_1bab7.dir/CheckFunctionExists.c.o   -c /usr/share/cmake-3.5/Modules/CheckFunctionExists.c
/usr/share/cmake-3.5/Modules/CheckFunctionExists.c:6:1: error: function declaration isn’t a prototype [-Werror=strict-prototypes]
 char CHECK_FUNCTION_EXISTS();
 ^~~~
cc1: all warnings being treated as errors
CMakeFiles/cmTC_1bab7.dir/build.make:65: ошибка выполнения рецепта для цели «CMakeFiles/cmTC_1bab7.dir/CheckFunctionExists.c.o»
make[2]: *** [CMakeFiles/cmTC_1bab7.dir/CheckFunctionExists.c.o] Ошибка 1
make[2]: выход из каталога «/home/wh0ami/wCoin/build/release/CMakeFiles/CMakeTmp»
Makefile:126: ошибка выполнения рецепта для цели «cmTC_1bab7/fast»
make[1]: *** [cmTC_1bab7/fast] Ошибка 2
make[1]: выход из каталога «/home/wh0ami/wCoin/build/release/CMakeFiles/CMakeTmp»


Determining if the function pthread_create exists in the pthread failed with the following output:
Change Dir: /home/wh0ami/wCoin/build/release/CMakeFiles/CMakeTmp

Run Build Command:"/usr/bin/make" "cmTC_2862b/fast"
make[1]: вход в каталог «/home/wh0ami/wCoin/build/release/CMakeFiles/CMakeTmp»
/usr/bin/make -f CMakeFiles/cmTC_2862b.dir/build.make CMakeFiles/cmTC_2862b.dir/build
make[2]: вход в каталог «/home/wh0ami/wCoin/build/release/CMakeFiles/CMakeTmp»
Building C object CMakeFiles/cmTC_2862b.dir/CheckFunctionExists.c.o
/usr/bin/cc    -std=c11  -Wall -Wextra -Wpointer-arith -Wundef -Wvla -Wwrite-strings -Werror -Wno-error=extra -Wno-error=unused-function -Wno-error=deprecated-declarations -Wno-error=sign-compare -Wno-error=strict-aliasing -Wno-error=type-limits -Wno-unused-parameter -Wno-error=unused-variable -Wno-error=undef -Wno-error=uninitialized -Wno-error=unused-result -Wlogical-op -Wno-error=maybe-uninitialized -Wno-error=clobbered -Wno-error=unused-but-set-variable -Wno-error=odr -Waggregate-return -Wnested-externs -Wold-style-definition -Wstrict-prototypes -march=native -maes -DCHECK_FUNCTION_EXISTS=pthread_create   -o CMakeFiles/cmTC_2862b.dir/CheckFunctionExists.c.o   -c /usr/share/cmake-3.5/Modules/CheckFunctionExists.c
/usr/share/cmake-3.5/Modules/CheckFunctionExists.c:6:1: error: function declaration isn’t a prototype [-Werror=strict-prototypes]
 char CHECK_FUNCTION_EXISTS();
 ^~~~
cc1: all warnings being treated as errors
CMakeFiles/cmTC_2862b.dir/build.make:65: ошибка выполнения рецепта для цели «CMakeFiles/cmTC_2862b.dir/CheckFunctionExists.c.o»
make[2]: *** [CMakeFiles/cmTC_2862b.dir/CheckFunctionExists.c.o] Ошибка 1
make[2]: выход из каталога «/home/wh0ami/wCoin/build/release/CMakeFiles/CMakeTmp»
Makefile:126: ошибка выполнения рецепта для цели «cmTC_2862b/fast»
make[1]: *** [cmTC_2862b/fast] Ошибка 2
make[1]: выход из каталога «/home/wh0ami/wCoin/build/release/CMakeFiles/CMakeTmp»


